WARNING:root:Test Logging Message
DEBUG:urllib3.connectionpool:Starting new HTTPS connection (1): leasing.realpage.com:443
DEBUG:urllib3.connectionpool:https://leasing.realpage.com:443 "GET /RP.Leasing.AppService.WebHost/workflowstartup/v1/4527024/?BpmId=OLL.WorkflowStartUp&BpmSequence=0&LogSequence=3&ClientSessionID=093b2af7-2fbb-4eb2-b016-32e11a65420b HTTP/1.1" 200 62977
DEBUG:urllib3.connectionpool:Starting new HTTPS connection (1): leasing.realpage.com:443
DEBUG:urllib3.connectionpool:https://leasing.realpage.com:443 "PUT /RP.Leasing.AppService.WebHost/appstate/v1/?BpmId=OLL.WorkflowStartUp&BpmSequence=0&LogSequence=3&ClientSessionID=093b2af7-2fbb-4eb2-b016-32e11a65420b HTTP/1.1" 200 8295
DEBUG:urllib3.connectionpool:Starting new HTTPS connection (1): leasing.realpage.com:443
DEBUG:urllib3.connectionpool:https://leasing.realpage.com:443 "PUT /RP.Leasing.AppService.WebHost/appstate/v1/?BpmId=OLL.WorkflowStartUp&BpmSequence=0&LogSequence=3&ClientSessionID=093b2af7-2fbb-4eb2-b016-32e11a65420b HTTP/1.1" 200 8233
DEBUG:urllib3.connectionpool:Starting new HTTPS connection (1): leasing.realpage.com:443
DEBUG:urllib3.connectionpool:https://leasing.realpage.com:443 "PUT /RP.Leasing.AppService.WebHost/appstate/v1/?BpmId=OLL.WorkflowStartUp&BpmSequence=0&LogSequence=3&ClientSessionID=093b2af7-2fbb-4eb2-b016-32e11a65420b HTTP/1.1" 200 8297
DEBUG:urllib3.connectionpool:Starting new HTTPS connection (1): leasing.realpage.com:443
DEBUG:urllib3.connectionpool:https://leasing.realpage.com:443 "PUT /RP.Leasing.AppService.WebHost/appstate/v1/?BpmId=OLL.WorkflowStartUp&BpmSequence=0&LogSequence=3&ClientSessionID=093b2af7-2fbb-4eb2-b016-32e11a65420b HTTP/1.1" 200 6601
DEBUG:urllib3.connectionpool:Starting new HTTPS connection (1): leasing.realpage.com:443
DEBUG:urllib3.connectionpool:https://leasing.realpage.com:443 "PUT /RP.Leasing.AppService.WebHost/appstate/v1/?BpmId=OLL.WorkflowStartUp&BpmSequence=0&LogSequence=3&ClientSessionID=093b2af7-2fbb-4eb2-b016-32e11a65420b HTTP/1.1" 200 8233
DEBUG:urllib3.connectionpool:Starting new HTTPS connection (1): leasing.realpage.com:443
DEBUG:urllib3.connectionpool:https://leasing.realpage.com:443 "PUT /RP.Leasing.AppService.WebHost/appstate/v1/?BpmId=OLL.WorkflowStartUp&BpmSequence=0&LogSequence=3&ClientSessionID=093b2af7-2fbb-4eb2-b016-32e11a65420b HTTP/1.1" 200 8233
DEBUG:urllib3.connectionpool:Starting new HTTPS connection (1): leasing.realpage.com:443
DEBUG:urllib3.connectionpool:https://leasing.realpage.com:443 "PUT /RP.Leasing.AppService.WebHost/appstate/v1/?BpmId=OLL.WorkflowStartUp&BpmSequence=0&LogSequence=3&ClientSessionID=093b2af7-2fbb-4eb2-b016-32e11a65420b HTTP/1.1" 200 6601
DEBUG:urllib3.connectionpool:Starting new HTTPS connection (1): leasing.realpage.com:443
DEBUG:urllib3.connectionpool:https://leasing.realpage.com:443 "PUT /RP.Leasing.AppService.WebHost/appstate/v1/?BpmId=OLL.WorkflowStartUp&BpmSequence=0&LogSequence=3&ClientSessionID=093b2af7-2fbb-4eb2-b016-32e11a65420b HTTP/1.1" 200 6601
DEBUG:urllib3.connectionpool:Starting new HTTPS connection (1): leasing.realpage.com:443
DEBUG:urllib3.connectionpool:https://leasing.realpage.com:443 "PUT /RP.Leasing.AppService.WebHost/appstate/v1/?BpmId=OLL.WorkflowStartUp&BpmSequence=0&LogSequence=3&ClientSessionID=093b2af7-2fbb-4eb2-b016-32e11a65420b HTTP/1.1" 200 6601
WARNING:root:Test Logging Message
DEBUG:urllib3.connectionpool:Starting new HTTPS connection (1): leasing.realpage.com:443
DEBUG:urllib3.connectionpool:https://leasing.realpage.com:443 "GET /RP.Leasing.AppService.WebHost/workflowstartup/v1/4527024/?BpmId=OLL.WorkflowStartUp&BpmSequence=0&LogSequence=3&ClientSessionID=ef0e1130-de15-427b-9329-2fa3ee23f36d HTTP/1.1" 200 62977
DEBUG:urllib3.connectionpool:Starting new HTTPS connection (1): leasing.realpage.com:443
DEBUG:urllib3.connectionpool:https://leasing.realpage.com:443 "PUT /RP.Leasing.AppService.WebHost/appstate/v1/?BpmId=OLL.WorkflowStartUp&BpmSequence=0&LogSequence=3&ClientSessionID=ef0e1130-de15-427b-9329-2fa3ee23f36d HTTP/1.1" 200 8295
DEBUG:urllib3.connectionpool:Starting new HTTPS connection (1): leasing.realpage.com:443
DEBUG:urllib3.connectionpool:https://leasing.realpage.com:443 "PUT /RP.Leasing.AppService.WebHost/appstate/v1/?BpmId=OLL.WorkflowStartUp&BpmSequence=0&LogSequence=3&ClientSessionID=ef0e1130-de15-427b-9329-2fa3ee23f36d HTTP/1.1" 200 8233
DEBUG:urllib3.connectionpool:Starting new HTTPS connection (1): leasing.realpage.com:443
DEBUG:urllib3.connectionpool:https://leasing.realpage.com:443 "PUT /RP.Leasing.AppService.WebHost/appstate/v1/?BpmId=OLL.WorkflowStartUp&BpmSequence=0&LogSequence=3&ClientSessionID=ef0e1130-de15-427b-9329-2fa3ee23f36d HTTP/1.1" 200 8297
DEBUG:urllib3.connectionpool:Starting new HTTPS connection (1): leasing.realpage.com:443
DEBUG:urllib3.connectionpool:https://leasing.realpage.com:443 "PUT /RP.Leasing.AppService.WebHost/appstate/v1/?BpmId=OLL.WorkflowStartUp&BpmSequence=0&LogSequence=3&ClientSessionID=ef0e1130-de15-427b-9329-2fa3ee23f36d HTTP/1.1" 200 6601
DEBUG:urllib3.connectionpool:Starting new HTTPS connection (1): leasing.realpage.com:443
DEBUG:urllib3.connectionpool:https://leasing.realpage.com:443 "PUT /RP.Leasing.AppService.WebHost/appstate/v1/?BpmId=OLL.WorkflowStartUp&BpmSequence=0&LogSequence=3&ClientSessionID=ef0e1130-de15-427b-9329-2fa3ee23f36d HTTP/1.1" 200 8233
DEBUG:urllib3.connectionpool:Starting new HTTPS connection (1): leasing.realpage.com:443
DEBUG:urllib3.connectionpool:https://leasing.realpage.com:443 "PUT /RP.Leasing.AppService.WebHost/appstate/v1/?BpmId=OLL.WorkflowStartUp&BpmSequence=0&LogSequence=3&ClientSessionID=ef0e1130-de15-427b-9329-2fa3ee23f36d HTTP/1.1" 200 8233
DEBUG:urllib3.connectionpool:Starting new HTTPS connection (1): leasing.realpage.com:443
DEBUG:urllib3.connectionpool:https://leasing.realpage.com:443 "PUT /RP.Leasing.AppService.WebHost/appstate/v1/?BpmId=OLL.WorkflowStartUp&BpmSequence=0&LogSequence=3&ClientSessionID=ef0e1130-de15-427b-9329-2fa3ee23f36d HTTP/1.1" 200 6601
DEBUG:urllib3.connectionpool:Starting new HTTPS connection (1): leasing.realpage.com:443
DEBUG:urllib3.connectionpool:https://leasing.realpage.com:443 "PUT /RP.Leasing.AppService.WebHost/appstate/v1/?BpmId=OLL.WorkflowStartUp&BpmSequence=0&LogSequence=3&ClientSessionID=ef0e1130-de15-427b-9329-2fa3ee23f36d HTTP/1.1" 200 6601
DEBUG:urllib3.connectionpool:Starting new HTTPS connection (1): leasing.realpage.com:443
DEBUG:urllib3.connectionpool:https://leasing.realpage.com:443 "PUT /RP.Leasing.AppService.WebHost/appstate/v1/?BpmId=OLL.WorkflowStartUp&BpmSequence=0&LogSequence=3&ClientSessionID=ef0e1130-de15-427b-9329-2fa3ee23f36d HTTP/1.1" 200 6601
WARNING:root:Test Logging Message
DEBUG:urllib3.connectionpool:Starting new HTTPS connection (1): leasing.realpage.com:443
DEBUG:urllib3.connectionpool:https://leasing.realpage.com:443 "GET /RP.Leasing.AppService.WebHost/workflowstartup/v1/4527024/?BpmId=OLL.WorkflowStartUp&BpmSequence=0&LogSequence=3&ClientSessionID=37fae99e-a897-414b-9125-b4d4c3e01fd3 HTTP/1.1" 200 62977
DEBUG:urllib3.connectionpool:Starting new HTTPS connection (1): leasing.realpage.com:443
DEBUG:urllib3.connectionpool:https://leasing.realpage.com:443 "PUT /RP.Leasing.AppService.WebHost/appstate/v1/?BpmId=OLL.WorkflowStartUp&BpmSequence=0&LogSequence=3&ClientSessionID=37fae99e-a897-414b-9125-b4d4c3e01fd3 HTTP/1.1" 200 8295
ERROR:root:Move in Date invalid 11
DEBUG:urllib3.connectionpool:Starting new HTTPS connection (1): leasing.realpage.com:443
DEBUG:urllib3.connectionpool:https://leasing.realpage.com:443 "PUT /RP.Leasing.AppService.WebHost/appstate/v1/?BpmId=OLL.WorkflowStartUp&BpmSequence=0&LogSequence=3&ClientSessionID=37fae99e-a897-414b-9125-b4d4c3e01fd3 HTTP/1.1" 200 8233
ERROR:root:Move in Date invalid 105
DEBUG:urllib3.connectionpool:Starting new HTTPS connection (1): leasing.realpage.com:443
DEBUG:urllib3.connectionpool:https://leasing.realpage.com:443 "PUT /RP.Leasing.AppService.WebHost/appstate/v1/?BpmId=OLL.WorkflowStartUp&BpmSequence=0&LogSequence=3&ClientSessionID=37fae99e-a897-414b-9125-b4d4c3e01fd3 HTTP/1.1" 200 8297
ERROR:root:Move in Date invalid 76
DEBUG:urllib3.connectionpool:Starting new HTTPS connection (1): leasing.realpage.com:443
DEBUG:urllib3.connectionpool:https://leasing.realpage.com:443 "PUT /RP.Leasing.AppService.WebHost/appstate/v1/?BpmId=OLL.WorkflowStartUp&BpmSequence=0&LogSequence=3&ClientSessionID=37fae99e-a897-414b-9125-b4d4c3e01fd3 HTTP/1.1" 200 6601
ERROR:root:Move in Date invalid 136
DEBUG:urllib3.connectionpool:Starting new HTTPS connection (1): leasing.realpage.com:443
DEBUG:urllib3.connectionpool:https://leasing.realpage.com:443 "PUT /RP.Leasing.AppService.WebHost/appstate/v1/?BpmId=OLL.WorkflowStartUp&BpmSequence=0&LogSequence=3&ClientSessionID=37fae99e-a897-414b-9125-b4d4c3e01fd3 HTTP/1.1" 200 8233
ERROR:root:Move in Date invalid 124
DEBUG:urllib3.connectionpool:Starting new HTTPS connection (1): leasing.realpage.com:443
DEBUG:urllib3.connectionpool:https://leasing.realpage.com:443 "PUT /RP.Leasing.AppService.WebHost/appstate/v1/?BpmId=OLL.WorkflowStartUp&BpmSequence=0&LogSequence=3&ClientSessionID=37fae99e-a897-414b-9125-b4d4c3e01fd3 HTTP/1.1" 200 8233
ERROR:root:Move in Date invalid 128
DEBUG:urllib3.connectionpool:Starting new HTTPS connection (1): leasing.realpage.com:443
DEBUG:urllib3.connectionpool:https://leasing.realpage.com:443 "PUT /RP.Leasing.AppService.WebHost/appstate/v1/?BpmId=OLL.WorkflowStartUp&BpmSequence=0&LogSequence=3&ClientSessionID=37fae99e-a897-414b-9125-b4d4c3e01fd3 HTTP/1.1" 200 6601
ERROR:root:Move in Date invalid 153
DEBUG:urllib3.connectionpool:Starting new HTTPS connection (1): leasing.realpage.com:443
DEBUG:urllib3.connectionpool:https://leasing.realpage.com:443 "PUT /RP.Leasing.AppService.WebHost/appstate/v1/?BpmId=OLL.WorkflowStartUp&BpmSequence=0&LogSequence=3&ClientSessionID=37fae99e-a897-414b-9125-b4d4c3e01fd3 HTTP/1.1" 200 6601
ERROR:root:Move in Date invalid 164
DEBUG:urllib3.connectionpool:Starting new HTTPS connection (1): leasing.realpage.com:443
DEBUG:urllib3.connectionpool:https://leasing.realpage.com:443 "PUT /RP.Leasing.AppService.WebHost/appstate/v1/?BpmId=OLL.WorkflowStartUp&BpmSequence=0&LogSequence=3&ClientSessionID=37fae99e-a897-414b-9125-b4d4c3e01fd3 HTTP/1.1" 200 6601
ERROR:root:Move in Date invalid 174
WARNING:root:Test Logging Message
DEBUG:urllib3.connectionpool:Starting new HTTPS connection (1): leasing.realpage.com:443
DEBUG:urllib3.connectionpool:https://leasing.realpage.com:443 "GET /RP.Leasing.AppService.WebHost/workflowstartup/v1/4527024/?BpmId=OLL.WorkflowStartUp&BpmSequence=0&LogSequence=3&ClientSessionID=fd68086e-e739-4ac9-a2f0-cb5b7ba620c4 HTTP/1.1" 200 62977
DEBUG:urllib3.connectionpool:Starting new HTTPS connection (1): leasing.realpage.com:443
DEBUG:urllib3.connectionpool:https://leasing.realpage.com:443 "PUT /RP.Leasing.AppService.WebHost/appstate/v1/?BpmId=OLL.WorkflowStartUp&BpmSequence=0&LogSequence=3&ClientSessionID=fd68086e-e739-4ac9-a2f0-cb5b7ba620c4 HTTP/1.1" 200 8295
ERROR:root:Move in Date invalid 11
DEBUG:urllib3.connectionpool:Starting new HTTPS connection (1): leasing.realpage.com:443
DEBUG:urllib3.connectionpool:https://leasing.realpage.com:443 "PUT /RP.Leasing.AppService.WebHost/appstate/v1/?BpmId=OLL.WorkflowStartUp&BpmSequence=0&LogSequence=3&ClientSessionID=fd68086e-e739-4ac9-a2f0-cb5b7ba620c4 HTTP/1.1" 200 8233
ERROR:root:Move in Date invalid 105
DEBUG:urllib3.connectionpool:Starting new HTTPS connection (1): leasing.realpage.com:443
DEBUG:urllib3.connectionpool:https://leasing.realpage.com:443 "PUT /RP.Leasing.AppService.WebHost/appstate/v1/?BpmId=OLL.WorkflowStartUp&BpmSequence=0&LogSequence=3&ClientSessionID=fd68086e-e739-4ac9-a2f0-cb5b7ba620c4 HTTP/1.1" 200 8297
ERROR:root:Move in Date invalid 76
DEBUG:urllib3.connectionpool:Starting new HTTPS connection (1): leasing.realpage.com:443
DEBUG:urllib3.connectionpool:https://leasing.realpage.com:443 "PUT /RP.Leasing.AppService.WebHost/appstate/v1/?BpmId=OLL.WorkflowStartUp&BpmSequence=0&LogSequence=3&ClientSessionID=fd68086e-e739-4ac9-a2f0-cb5b7ba620c4 HTTP/1.1" 200 6601
ERROR:root:Move in Date invalid 136
DEBUG:urllib3.connectionpool:Starting new HTTPS connection (1): leasing.realpage.com:443
DEBUG:urllib3.connectionpool:https://leasing.realpage.com:443 "PUT /RP.Leasing.AppService.WebHost/appstate/v1/?BpmId=OLL.WorkflowStartUp&BpmSequence=0&LogSequence=3&ClientSessionID=fd68086e-e739-4ac9-a2f0-cb5b7ba620c4 HTTP/1.1" 200 8233
ERROR:root:Move in Date invalid 124
DEBUG:urllib3.connectionpool:Starting new HTTPS connection (1): leasing.realpage.com:443
DEBUG:urllib3.connectionpool:https://leasing.realpage.com:443 "PUT /RP.Leasing.AppService.WebHost/appstate/v1/?BpmId=OLL.WorkflowStartUp&BpmSequence=0&LogSequence=3&ClientSessionID=fd68086e-e739-4ac9-a2f0-cb5b7ba620c4 HTTP/1.1" 200 8233
ERROR:root:Move in Date invalid 128
DEBUG:urllib3.connectionpool:Starting new HTTPS connection (1): leasing.realpage.com:443
DEBUG:urllib3.connectionpool:https://leasing.realpage.com:443 "PUT /RP.Leasing.AppService.WebHost/appstate/v1/?BpmId=OLL.WorkflowStartUp&BpmSequence=0&LogSequence=3&ClientSessionID=fd68086e-e739-4ac9-a2f0-cb5b7ba620c4 HTTP/1.1" 200 6601
ERROR:root:Move in Date invalid 153
DEBUG:urllib3.connectionpool:Starting new HTTPS connection (1): leasing.realpage.com:443
WARNING:root:Test Logging Message
DEBUG:urllib3.connectionpool:Starting new HTTPS connection (1): leasing.realpage.com:443
DEBUG:urllib3.connectionpool:https://leasing.realpage.com:443 "GET /RP.Leasing.AppService.WebHost/workflowstartup/v1/4527024/?BpmId=OLL.WorkflowStartUp&BpmSequence=0&LogSequence=3&ClientSessionID=49f1783b-3be7-41cb-8981-6ae2a273f5a4 HTTP/1.1" 200 62977
DEBUG:urllib3.connectionpool:Starting new HTTPS connection (1): leasing.realpage.com:443
DEBUG:urllib3.connectionpool:https://leasing.realpage.com:443 "PUT /RP.Leasing.AppService.WebHost/appstate/v1/?BpmId=OLL.WorkflowStartUp&BpmSequence=0&LogSequence=3&ClientSessionID=49f1783b-3be7-41cb-8981-6ae2a273f5a4 HTTP/1.1" 200 8295
ERROR:root:Move in Date invalid 11
DEBUG:urllib3.connectionpool:Starting new HTTPS connection (1): leasing.realpage.com:443
DEBUG:urllib3.connectionpool:https://leasing.realpage.com:443 "PUT /RP.Leasing.AppService.WebHost/appstate/v1/?BpmId=OLL.WorkflowStartUp&BpmSequence=0&LogSequence=3&ClientSessionID=49f1783b-3be7-41cb-8981-6ae2a273f5a4 HTTP/1.1" 200 8233
ERROR:root:Move in Date invalid 105
DEBUG:urllib3.connectionpool:Starting new HTTPS connection (1): leasing.realpage.com:443
DEBUG:urllib3.connectionpool:https://leasing.realpage.com:443 "PUT /RP.Leasing.AppService.WebHost/appstate/v1/?BpmId=OLL.WorkflowStartUp&BpmSequence=0&LogSequence=3&ClientSessionID=49f1783b-3be7-41cb-8981-6ae2a273f5a4 HTTP/1.1" 200 8297
ERROR:root:Move in Date invalid 76
DEBUG:urllib3.connectionpool:Starting new HTTPS connection (1): leasing.realpage.com:443
DEBUG:urllib3.connectionpool:https://leasing.realpage.com:443 "PUT /RP.Leasing.AppService.WebHost/appstate/v1/?BpmId=OLL.WorkflowStartUp&BpmSequence=0&LogSequence=3&ClientSessionID=49f1783b-3be7-41cb-8981-6ae2a273f5a4 HTTP/1.1" 200 6601
ERROR:root:Move in Date invalid 136
DEBUG:urllib3.connectionpool:Starting new HTTPS connection (1): leasing.realpage.com:443
DEBUG:urllib3.connectionpool:https://leasing.realpage.com:443 "PUT /RP.Leasing.AppService.WebHost/appstate/v1/?BpmId=OLL.WorkflowStartUp&BpmSequence=0&LogSequence=3&ClientSessionID=49f1783b-3be7-41cb-8981-6ae2a273f5a4 HTTP/1.1" 200 8233
ERROR:root:Move in Date invalid 124
DEBUG:urllib3.connectionpool:Starting new HTTPS connection (1): leasing.realpage.com:443
DEBUG:urllib3.connectionpool:https://leasing.realpage.com:443 "PUT /RP.Leasing.AppService.WebHost/appstate/v1/?BpmId=OLL.WorkflowStartUp&BpmSequence=0&LogSequence=3&ClientSessionID=49f1783b-3be7-41cb-8981-6ae2a273f5a4 HTTP/1.1" 200 8233
ERROR:root:Move in Date invalid 128
DEBUG:urllib3.connectionpool:Starting new HTTPS connection (1): leasing.realpage.com:443
DEBUG:urllib3.connectionpool:https://leasing.realpage.com:443 "PUT /RP.Leasing.AppService.WebHost/appstate/v1/?BpmId=OLL.WorkflowStartUp&BpmSequence=0&LogSequence=3&ClientSessionID=49f1783b-3be7-41cb-8981-6ae2a273f5a4 HTTP/1.1" 200 6601
ERROR:root:Move in Date invalid 153
DEBUG:urllib3.connectionpool:Starting new HTTPS connection (1): leasing.realpage.com:443
DEBUG:urllib3.connectionpool:https://leasing.realpage.com:443 "PUT /RP.Leasing.AppService.WebHost/appstate/v1/?BpmId=OLL.WorkflowStartUp&BpmSequence=0&LogSequence=3&ClientSessionID=49f1783b-3be7-41cb-8981-6ae2a273f5a4 HTTP/1.1" 200 6601
ERROR:root:Move in Date invalid 164
DEBUG:urllib3.connectionpool:Starting new HTTPS connection (1): leasing.realpage.com:443
DEBUG:urllib3.connectionpool:https://leasing.realpage.com:443 "PUT /RP.Leasing.AppService.WebHost/appstate/v1/?BpmId=OLL.WorkflowStartUp&BpmSequence=0&LogSequence=3&ClientSessionID=49f1783b-3be7-41cb-8981-6ae2a273f5a4 HTTP/1.1" 200 6601
ERROR:root:Move in Date invalid 174
WARNING:root:Test Logging Message
DEBUG:urllib3.connectionpool:Starting new HTTPS connection (1): leasing.realpage.com:443
DEBUG:urllib3.connectionpool:https://leasing.realpage.com:443 "GET /RP.Leasing.AppService.WebHost/workflowstartup/v1/4527024/?BpmId=OLL.WorkflowStartUp&BpmSequence=0&LogSequence=3&ClientSessionID=fad1768a-3991-4664-ab8b-9561d1703c53 HTTP/1.1" 200 62977
DEBUG:urllib3.connectionpool:Starting new HTTPS connection (1): leasing.realpage.com:443
DEBUG:urllib3.connectionpool:https://leasing.realpage.com:443 "PUT /RP.Leasing.AppService.WebHost/appstate/v1/?BpmId=OLL.WorkflowStartUp&BpmSequence=0&LogSequence=3&ClientSessionID=fad1768a-3991-4664-ab8b-9561d1703c53 HTTP/1.1" 200 8295
ERROR:root:Move in Date invalid 11
DEBUG:urllib3.connectionpool:Starting new HTTPS connection (1): leasing.realpage.com:443
DEBUG:urllib3.connectionpool:https://leasing.realpage.com:443 "PUT /RP.Leasing.AppService.WebHost/appstate/v1/?BpmId=OLL.WorkflowStartUp&BpmSequence=0&LogSequence=3&ClientSessionID=fad1768a-3991-4664-ab8b-9561d1703c53 HTTP/1.1" 200 8233
ERROR:root:Move in Date invalid 105
DEBUG:urllib3.connectionpool:Starting new HTTPS connection (1): leasing.realpage.com:443
DEBUG:urllib3.connectionpool:https://leasing.realpage.com:443 "PUT /RP.Leasing.AppService.WebHost/appstate/v1/?BpmId=OLL.WorkflowStartUp&BpmSequence=0&LogSequence=3&ClientSessionID=fad1768a-3991-4664-ab8b-9561d1703c53 HTTP/1.1" 200 8297
ERROR:root:Move in Date invalid 76
DEBUG:urllib3.connectionpool:Starting new HTTPS connection (1): leasing.realpage.com:443
DEBUG:urllib3.connectionpool:https://leasing.realpage.com:443 "PUT /RP.Leasing.AppService.WebHost/appstate/v1/?BpmId=OLL.WorkflowStartUp&BpmSequence=0&LogSequence=3&ClientSessionID=fad1768a-3991-4664-ab8b-9561d1703c53 HTTP/1.1" 200 6601
ERROR:root:Move in Date invalid 136
DEBUG:urllib3.connectionpool:Starting new HTTPS connection (1): leasing.realpage.com:443
DEBUG:urllib3.connectionpool:https://leasing.realpage.com:443 "PUT /RP.Leasing.AppService.WebHost/appstate/v1/?BpmId=OLL.WorkflowStartUp&BpmSequence=0&LogSequence=3&ClientSessionID=fad1768a-3991-4664-ab8b-9561d1703c53 HTTP/1.1" 200 8233
ERROR:root:Move in Date invalid 124
DEBUG:urllib3.connectionpool:Starting new HTTPS connection (1): leasing.realpage.com:443
DEBUG:urllib3.connectionpool:https://leasing.realpage.com:443 "PUT /RP.Leasing.AppService.WebHost/appstate/v1/?BpmId=OLL.WorkflowStartUp&BpmSequence=0&LogSequence=3&ClientSessionID=fad1768a-3991-4664-ab8b-9561d1703c53 HTTP/1.1" 200 8233
ERROR:root:Move in Date invalid 128
DEBUG:urllib3.connectionpool:Starting new HTTPS connection (1): leasing.realpage.com:443
DEBUG:urllib3.connectionpool:https://leasing.realpage.com:443 "PUT /RP.Leasing.AppService.WebHost/appstate/v1/?BpmId=OLL.WorkflowStartUp&BpmSequence=0&LogSequence=3&ClientSessionID=fad1768a-3991-4664-ab8b-9561d1703c53 HTTP/1.1" 200 6601
ERROR:root:Move in Date invalid 153
DEBUG:urllib3.connectionpool:Starting new HTTPS connection (1): leasing.realpage.com:443
DEBUG:urllib3.connectionpool:https://leasing.realpage.com:443 "PUT /RP.Leasing.AppService.WebHost/appstate/v1/?BpmId=OLL.WorkflowStartUp&BpmSequence=0&LogSequence=3&ClientSessionID=fad1768a-3991-4664-ab8b-9561d1703c53 HTTP/1.1" 200 6601
ERROR:root:Move in Date invalid 164
DEBUG:urllib3.connectionpool:Starting new HTTPS connection (1): leasing.realpage.com:443
DEBUG:urllib3.connectionpool:https://leasing.realpage.com:443 "PUT /RP.Leasing.AppService.WebHost/appstate/v1/?BpmId=OLL.WorkflowStartUp&BpmSequence=0&LogSequence=3&ClientSessionID=fad1768a-3991-4664-ab8b-9561d1703c53 HTTP/1.1" 200 6601
ERROR:root:Move in Date invalid 174
WARNING:root:Test Logging Message
DEBUG:urllib3.connectionpool:Starting new HTTPS connection (1): leasing.realpage.com:443
DEBUG:urllib3.connectionpool:https://leasing.realpage.com:443 "GET /RP.Leasing.AppService.WebHost/workflowstartup/v1/4527024/?BpmId=OLL.WorkflowStartUp&BpmSequence=0&LogSequence=3&ClientSessionID=5d4b68d2-909c-4173-8094-67daf9e4fc03 HTTP/1.1" 200 62977
DEBUG:urllib3.connectionpool:Starting new HTTPS connection (1): leasing.realpage.com:443
DEBUG:urllib3.connectionpool:https://leasing.realpage.com:443 "PUT /RP.Leasing.AppService.WebHost/appstate/v1/?BpmId=OLL.WorkflowStartUp&BpmSequence=0&LogSequence=3&ClientSessionID=5d4b68d2-909c-4173-8094-67daf9e4fc03 HTTP/1.1" 200 8295
ERROR:root:Move in Date invalid 11
DEBUG:urllib3.connectionpool:Starting new HTTPS connection (1): leasing.realpage.com:443
DEBUG:urllib3.connectionpool:https://leasing.realpage.com:443 "PUT /RP.Leasing.AppService.WebHost/appstate/v1/?BpmId=OLL.WorkflowStartUp&BpmSequence=0&LogSequence=3&ClientSessionID=5d4b68d2-909c-4173-8094-67daf9e4fc03 HTTP/1.1" 200 8233
ERROR:root:Move in Date invalid 105
DEBUG:urllib3.connectionpool:Starting new HTTPS connection (1): leasing.realpage.com:443
DEBUG:urllib3.connectionpool:https://leasing.realpage.com:443 "PUT /RP.Leasing.AppService.WebHost/appstate/v1/?BpmId=OLL.WorkflowStartUp&BpmSequence=0&LogSequence=3&ClientSessionID=5d4b68d2-909c-4173-8094-67daf9e4fc03 HTTP/1.1" 200 8297
ERROR:root:Move in Date invalid 76
DEBUG:urllib3.connectionpool:Starting new HTTPS connection (1): leasing.realpage.com:443
DEBUG:urllib3.connectionpool:https://leasing.realpage.com:443 "PUT /RP.Leasing.AppService.WebHost/appstate/v1/?BpmId=OLL.WorkflowStartUp&BpmSequence=0&LogSequence=3&ClientSessionID=5d4b68d2-909c-4173-8094-67daf9e4fc03 HTTP/1.1" 200 6601
ERROR:root:Move in Date invalid 136
DEBUG:urllib3.connectionpool:Starting new HTTPS connection (1): leasing.realpage.com:443
DEBUG:urllib3.connectionpool:https://leasing.realpage.com:443 "PUT /RP.Leasing.AppService.WebHost/appstate/v1/?BpmId=OLL.WorkflowStartUp&BpmSequence=0&LogSequence=3&ClientSessionID=5d4b68d2-909c-4173-8094-67daf9e4fc03 HTTP/1.1" 200 8233
ERROR:root:Move in Date invalid 124
DEBUG:urllib3.connectionpool:Starting new HTTPS connection (1): leasing.realpage.com:443
DEBUG:urllib3.connectionpool:https://leasing.realpage.com:443 "PUT /RP.Leasing.AppService.WebHost/appstate/v1/?BpmId=OLL.WorkflowStartUp&BpmSequence=0&LogSequence=3&ClientSessionID=5d4b68d2-909c-4173-8094-67daf9e4fc03 HTTP/1.1" 200 8233
ERROR:root:Move in Date invalid 128
DEBUG:urllib3.connectionpool:Starting new HTTPS connection (1): leasing.realpage.com:443
WARNING:root:Test Logging Message
DEBUG:urllib3.connectionpool:Starting new HTTPS connection (1): leasing.realpage.com:443
DEBUG:urllib3.connectionpool:https://leasing.realpage.com:443 "GET /RP.Leasing.AppService.WebHost/workflowstartup/v1/4527024/?BpmId=OLL.WorkflowStartUp&BpmSequence=0&LogSequence=3&ClientSessionID=0978f499-a067-4fa9-97bd-dfc1cde14913 HTTP/1.1" 200 62977
DEBUG:urllib3.connectionpool:Starting new HTTPS connection (1): leasing.realpage.com:443
DEBUG:urllib3.connectionpool:https://leasing.realpage.com:443 "PUT /RP.Leasing.AppService.WebHost/appstate/v1/?BpmId=OLL.WorkflowStartUp&BpmSequence=0&LogSequence=3&ClientSessionID=0978f499-a067-4fa9-97bd-dfc1cde14913 HTTP/1.1" 200 8295
ERROR:root:Move in Date invalid 11
DEBUG:urllib3.connectionpool:Starting new HTTPS connection (1): leasing.realpage.com:443
DEBUG:urllib3.connectionpool:https://leasing.realpage.com:443 "PUT /RP.Leasing.AppService.WebHost/appstate/v1/?BpmId=OLL.WorkflowStartUp&BpmSequence=0&LogSequence=3&ClientSessionID=0978f499-a067-4fa9-97bd-dfc1cde14913 HTTP/1.1" 200 8233
ERROR:root:Move in Date invalid 105
DEBUG:urllib3.connectionpool:Starting new HTTPS connection (1): leasing.realpage.com:443
DEBUG:urllib3.connectionpool:https://leasing.realpage.com:443 "PUT /RP.Leasing.AppService.WebHost/appstate/v1/?BpmId=OLL.WorkflowStartUp&BpmSequence=0&LogSequence=3&ClientSessionID=0978f499-a067-4fa9-97bd-dfc1cde14913 HTTP/1.1" 200 8297
ERROR:root:Move in Date invalid 76
DEBUG:urllib3.connectionpool:Starting new HTTPS connection (1): leasing.realpage.com:443
DEBUG:urllib3.connectionpool:https://leasing.realpage.com:443 "PUT /RP.Leasing.AppService.WebHost/appstate/v1/?BpmId=OLL.WorkflowStartUp&BpmSequence=0&LogSequence=3&ClientSessionID=0978f499-a067-4fa9-97bd-dfc1cde14913 HTTP/1.1" 200 6601
ERROR:root:Move in Date invalid 136
DEBUG:urllib3.connectionpool:Starting new HTTPS connection (1): leasing.realpage.com:443
DEBUG:urllib3.connectionpool:https://leasing.realpage.com:443 "PUT /RP.Leasing.AppService.WebHost/appstate/v1/?BpmId=OLL.WorkflowStartUp&BpmSequence=0&LogSequence=3&ClientSessionID=0978f499-a067-4fa9-97bd-dfc1cde14913 HTTP/1.1" 200 8233
ERROR:root:Move in Date invalid 124
DEBUG:urllib3.connectionpool:Starting new HTTPS connection (1): leasing.realpage.com:443
DEBUG:urllib3.connectionpool:https://leasing.realpage.com:443 "PUT /RP.Leasing.AppService.WebHost/appstate/v1/?BpmId=OLL.WorkflowStartUp&BpmSequence=0&LogSequence=3&ClientSessionID=0978f499-a067-4fa9-97bd-dfc1cde14913 HTTP/1.1" 200 8233
ERROR:root:Move in Date invalid 128
DEBUG:urllib3.connectionpool:Starting new HTTPS connection (1): leasing.realpage.com:443
WARNING:root:Test Logging Message
DEBUG:urllib3.connectionpool:Starting new HTTPS connection (1): leasing.realpage.com:443
DEBUG:urllib3.connectionpool:https://leasing.realpage.com:443 "GET /RP.Leasing.AppService.WebHost/workflowstartup/v1/4527024/?BpmId=OLL.WorkflowStartUp&BpmSequence=0&LogSequence=3&ClientSessionID=517579fa-7a85-429c-9c9a-419b5c19665c HTTP/1.1" 200 62977
DEBUG:urllib3.connectionpool:Starting new HTTPS connection (1): leasing.realpage.com:443
DEBUG:urllib3.connectionpool:https://leasing.realpage.com:443 "PUT /RP.Leasing.AppService.WebHost/appstate/v1/?BpmId=OLL.WorkflowStartUp&BpmSequence=0&LogSequence=3&ClientSessionID=517579fa-7a85-429c-9c9a-419b5c19665c HTTP/1.1" 200 8295
ERROR:root:Move in Date invalid 11
DEBUG:urllib3.connectionpool:Starting new HTTPS connection (1): leasing.realpage.com:443
DEBUG:urllib3.connectionpool:https://leasing.realpage.com:443 "PUT /RP.Leasing.AppService.WebHost/appstate/v1/?BpmId=OLL.WorkflowStartUp&BpmSequence=0&LogSequence=3&ClientSessionID=517579fa-7a85-429c-9c9a-419b5c19665c HTTP/1.1" 200 8233
ERROR:root:Move in Date invalid 105
DEBUG:urllib3.connectionpool:Starting new HTTPS connection (1): leasing.realpage.com:443
DEBUG:urllib3.connectionpool:https://leasing.realpage.com:443 "PUT /RP.Leasing.AppService.WebHost/appstate/v1/?BpmId=OLL.WorkflowStartUp&BpmSequence=0&LogSequence=3&ClientSessionID=517579fa-7a85-429c-9c9a-419b5c19665c HTTP/1.1" 200 8297
ERROR:root:Move in Date invalid 76
DEBUG:urllib3.connectionpool:Starting new HTTPS connection (1): leasing.realpage.com:443
DEBUG:urllib3.connectionpool:https://leasing.realpage.com:443 "PUT /RP.Leasing.AppService.WebHost/appstate/v1/?BpmId=OLL.WorkflowStartUp&BpmSequence=0&LogSequence=3&ClientSessionID=517579fa-7a85-429c-9c9a-419b5c19665c HTTP/1.1" 200 6601
ERROR:root:Move in Date invalid 136
DEBUG:urllib3.connectionpool:Starting new HTTPS connection (1): leasing.realpage.com:443
DEBUG:urllib3.connectionpool:https://leasing.realpage.com:443 "PUT /RP.Leasing.AppService.WebHost/appstate/v1/?BpmId=OLL.WorkflowStartUp&BpmSequence=0&LogSequence=3&ClientSessionID=517579fa-7a85-429c-9c9a-419b5c19665c HTTP/1.1" 200 8233
ERROR:root:Move in Date invalid 124
DEBUG:urllib3.connectionpool:Starting new HTTPS connection (1): leasing.realpage.com:443
DEBUG:urllib3.connectionpool:https://leasing.realpage.com:443 "PUT /RP.Leasing.AppService.WebHost/appstate/v1/?BpmId=OLL.WorkflowStartUp&BpmSequence=0&LogSequence=3&ClientSessionID=517579fa-7a85-429c-9c9a-419b5c19665c HTTP/1.1" 200 8233
ERROR:root:Move in Date invalid 128
DEBUG:urllib3.connectionpool:Starting new HTTPS connection (1): leasing.realpage.com:443
DEBUG:urllib3.connectionpool:https://leasing.realpage.com:443 "PUT /RP.Leasing.AppService.WebHost/appstate/v1/?BpmId=OLL.WorkflowStartUp&BpmSequence=0&LogSequence=3&ClientSessionID=517579fa-7a85-429c-9c9a-419b5c19665c HTTP/1.1" 200 6601
ERROR:root:Move in Date invalid 153
DEBUG:urllib3.connectionpool:Starting new HTTPS connection (1): leasing.realpage.com:443
DEBUG:urllib3.connectionpool:https://leasing.realpage.com:443 "PUT /RP.Leasing.AppService.WebHost/appstate/v1/?BpmId=OLL.WorkflowStartUp&BpmSequence=0&LogSequence=3&ClientSessionID=517579fa-7a85-429c-9c9a-419b5c19665c HTTP/1.1" 200 6601
ERROR:root:Move in Date invalid 164
DEBUG:urllib3.connectionpool:Starting new HTTPS connection (1): leasing.realpage.com:443
DEBUG:urllib3.connectionpool:https://leasing.realpage.com:443 "PUT /RP.Leasing.AppService.WebHost/appstate/v1/?BpmId=OLL.WorkflowStartUp&BpmSequence=0&LogSequence=3&ClientSessionID=517579fa-7a85-429c-9c9a-419b5c19665c HTTP/1.1" 200 6601
ERROR:root:Move in Date invalid 174
WARNING:root:Test Logging Message
DEBUG:urllib3.connectionpool:Starting new HTTPS connection (1): leasing.realpage.com:443
DEBUG:urllib3.connectionpool:https://leasing.realpage.com:443 "GET /RP.Leasing.AppService.WebHost/workflowstartup/v1/4527024/?BpmId=OLL.WorkflowStartUp&BpmSequence=0&LogSequence=3&ClientSessionID=6a882992-de53-4c05-85b1-16e720b13ced HTTP/1.1" 200 62977
DEBUG:urllib3.connectionpool:Starting new HTTPS connection (1): leasing.realpage.com:443
DEBUG:urllib3.connectionpool:https://leasing.realpage.com:443 "PUT /RP.Leasing.AppService.WebHost/appstate/v1/?BpmId=OLL.WorkflowStartUp&BpmSequence=0&LogSequence=3&ClientSessionID=6a882992-de53-4c05-85b1-16e720b13ced HTTP/1.1" 200 8295
ERROR:root:Move in Date invalid 11
DEBUG:urllib3.connectionpool:Starting new HTTPS connection (1): leasing.realpage.com:443
DEBUG:urllib3.connectionpool:https://leasing.realpage.com:443 "PUT /RP.Leasing.AppService.WebHost/appstate/v1/?BpmId=OLL.WorkflowStartUp&BpmSequence=0&LogSequence=3&ClientSessionID=6a882992-de53-4c05-85b1-16e720b13ced HTTP/1.1" 200 8233
ERROR:root:Move in Date invalid 105
DEBUG:urllib3.connectionpool:Starting new HTTPS connection (1): leasing.realpage.com:443
DEBUG:urllib3.connectionpool:https://leasing.realpage.com:443 "PUT /RP.Leasing.AppService.WebHost/appstate/v1/?BpmId=OLL.WorkflowStartUp&BpmSequence=0&LogSequence=3&ClientSessionID=6a882992-de53-4c05-85b1-16e720b13ced HTTP/1.1" 200 8297
ERROR:root:Move in Date invalid 76
DEBUG:urllib3.connectionpool:Starting new HTTPS connection (1): leasing.realpage.com:443
DEBUG:urllib3.connectionpool:https://leasing.realpage.com:443 "PUT /RP.Leasing.AppService.WebHost/appstate/v1/?BpmId=OLL.WorkflowStartUp&BpmSequence=0&LogSequence=3&ClientSessionID=6a882992-de53-4c05-85b1-16e720b13ced HTTP/1.1" 200 6601
ERROR:root:Move in Date invalid 136
DEBUG:urllib3.connectionpool:Starting new HTTPS connection (1): leasing.realpage.com:443
DEBUG:urllib3.connectionpool:https://leasing.realpage.com:443 "PUT /RP.Leasing.AppService.WebHost/appstate/v1/?BpmId=OLL.WorkflowStartUp&BpmSequence=0&LogSequence=3&ClientSessionID=6a882992-de53-4c05-85b1-16e720b13ced HTTP/1.1" 200 8233
ERROR:root:Move in Date invalid 124
DEBUG:urllib3.connectionpool:Starting new HTTPS connection (1): leasing.realpage.com:443
DEBUG:urllib3.connectionpool:https://leasing.realpage.com:443 "PUT /RP.Leasing.AppService.WebHost/appstate/v1/?BpmId=OLL.WorkflowStartUp&BpmSequence=0&LogSequence=3&ClientSessionID=6a882992-de53-4c05-85b1-16e720b13ced HTTP/1.1" 200 8233
ERROR:root:Move in Date invalid 128
DEBUG:urllib3.connectionpool:Starting new HTTPS connection (1): leasing.realpage.com:443
DEBUG:urllib3.connectionpool:https://leasing.realpage.com:443 "PUT /RP.Leasing.AppService.WebHost/appstate/v1/?BpmId=OLL.WorkflowStartUp&BpmSequence=0&LogSequence=3&ClientSessionID=6a882992-de53-4c05-85b1-16e720b13ced HTTP/1.1" 200 6601
ERROR:root:Move in Date invalid 153
DEBUG:urllib3.connectionpool:Starting new HTTPS connection (1): leasing.realpage.com:443
DEBUG:urllib3.connectionpool:https://leasing.realpage.com:443 "PUT /RP.Leasing.AppService.WebHost/appstate/v1/?BpmId=OLL.WorkflowStartUp&BpmSequence=0&LogSequence=3&ClientSessionID=6a882992-de53-4c05-85b1-16e720b13ced HTTP/1.1" 200 6601
ERROR:root:Move in Date invalid 164
DEBUG:urllib3.connectionpool:Starting new HTTPS connection (1): leasing.realpage.com:443
DEBUG:urllib3.connectionpool:https://leasing.realpage.com:443 "PUT /RP.Leasing.AppService.WebHost/appstate/v1/?BpmId=OLL.WorkflowStartUp&BpmSequence=0&LogSequence=3&ClientSessionID=6a882992-de53-4c05-85b1-16e720b13ced HTTP/1.1" 200 6601
ERROR:root:Move in Date invalid 174
WARNING:root:Test Logging Message
DEBUG:urllib3.connectionpool:Starting new HTTPS connection (1): leasing.realpage.com:443
DEBUG:urllib3.connectionpool:https://leasing.realpage.com:443 "GET /RP.Leasing.AppService.WebHost/workflowstartup/v1/4527024/?BpmId=OLL.WorkflowStartUp&BpmSequence=0&LogSequence=3&ClientSessionID=3642767a-8e2b-4068-b9e8-ae5d4d3f1cb7 HTTP/1.1" 200 62977
DEBUG:urllib3.connectionpool:Starting new HTTPS connection (1): leasing.realpage.com:443
DEBUG:urllib3.connectionpool:https://leasing.realpage.com:443 "PUT /RP.Leasing.AppService.WebHost/appstate/v1/?BpmId=OLL.WorkflowStartUp&BpmSequence=0&LogSequence=3&ClientSessionID=3642767a-8e2b-4068-b9e8-ae5d4d3f1cb7 HTTP/1.1" 200 8295
ERROR:root:Move in Date invalid 11
DEBUG:urllib3.connectionpool:Starting new HTTPS connection (1): leasing.realpage.com:443
DEBUG:urllib3.connectionpool:https://leasing.realpage.com:443 "PUT /RP.Leasing.AppService.WebHost/appstate/v1/?BpmId=OLL.WorkflowStartUp&BpmSequence=0&LogSequence=3&ClientSessionID=3642767a-8e2b-4068-b9e8-ae5d4d3f1cb7 HTTP/1.1" 200 8233
ERROR:root:Move in Date invalid 105
DEBUG:urllib3.connectionpool:Starting new HTTPS connection (1): leasing.realpage.com:443
DEBUG:urllib3.connectionpool:https://leasing.realpage.com:443 "PUT /RP.Leasing.AppService.WebHost/appstate/v1/?BpmId=OLL.WorkflowStartUp&BpmSequence=0&LogSequence=3&ClientSessionID=3642767a-8e2b-4068-b9e8-ae5d4d3f1cb7 HTTP/1.1" 200 8297
ERROR:root:Move in Date invalid 76
DEBUG:urllib3.connectionpool:Starting new HTTPS connection (1): leasing.realpage.com:443
DEBUG:urllib3.connectionpool:https://leasing.realpage.com:443 "PUT /RP.Leasing.AppService.WebHost/appstate/v1/?BpmId=OLL.WorkflowStartUp&BpmSequence=0&LogSequence=3&ClientSessionID=3642767a-8e2b-4068-b9e8-ae5d4d3f1cb7 HTTP/1.1" 200 6601
ERROR:root:Move in Date invalid 136
DEBUG:urllib3.connectionpool:Starting new HTTPS connection (1): leasing.realpage.com:443
DEBUG:urllib3.connectionpool:https://leasing.realpage.com:443 "PUT /RP.Leasing.AppService.WebHost/appstate/v1/?BpmId=OLL.WorkflowStartUp&BpmSequence=0&LogSequence=3&ClientSessionID=3642767a-8e2b-4068-b9e8-ae5d4d3f1cb7 HTTP/1.1" 200 8233
ERROR:root:Move in Date invalid 124
DEBUG:urllib3.connectionpool:Starting new HTTPS connection (1): leasing.realpage.com:443
DEBUG:urllib3.connectionpool:https://leasing.realpage.com:443 "PUT /RP.Leasing.AppService.WebHost/appstate/v1/?BpmId=OLL.WorkflowStartUp&BpmSequence=0&LogSequence=3&ClientSessionID=3642767a-8e2b-4068-b9e8-ae5d4d3f1cb7 HTTP/1.1" 200 8233
ERROR:root:Move in Date invalid 128
DEBUG:urllib3.connectionpool:Starting new HTTPS connection (1): leasing.realpage.com:443
DEBUG:urllib3.connectionpool:https://leasing.realpage.com:443 "PUT /RP.Leasing.AppService.WebHost/appstate/v1/?BpmId=OLL.WorkflowStartUp&BpmSequence=0&LogSequence=3&ClientSessionID=3642767a-8e2b-4068-b9e8-ae5d4d3f1cb7 HTTP/1.1" 200 6601
ERROR:root:Move in Date invalid 153
DEBUG:urllib3.connectionpool:Starting new HTTPS connection (1): leasing.realpage.com:443
DEBUG:urllib3.connectionpool:https://leasing.realpage.com:443 "PUT /RP.Leasing.AppService.WebHost/appstate/v1/?BpmId=OLL.WorkflowStartUp&BpmSequence=0&LogSequence=3&ClientSessionID=3642767a-8e2b-4068-b9e8-ae5d4d3f1cb7 HTTP/1.1" 200 6601
ERROR:root:Move in Date invalid 164
DEBUG:urllib3.connectionpool:Starting new HTTPS connection (1): leasing.realpage.com:443
DEBUG:urllib3.connectionpool:https://leasing.realpage.com:443 "PUT /RP.Leasing.AppService.WebHost/appstate/v1/?BpmId=OLL.WorkflowStartUp&BpmSequence=0&LogSequence=3&ClientSessionID=3642767a-8e2b-4068-b9e8-ae5d4d3f1cb7 HTTP/1.1" 200 6601
ERROR:root:Move in Date invalid 174
